<?xml version="1.0" encoding="UTF-8"?>
<testng-results ignored="0" total="1" passed="1" failed="0" skipped="0">
  <reporter-output>
    <line>
      <![CDATA[Driver is instantiated]]>
    </line>
    <line>
      <![CDATA[Driver closed browser]]>
    </line>
  </reporter-output>
  <suite started-at="2026-05-04T18:26:12 IST" name="Default Suite" finished-at="2026-05-04T18:26:50 IST" duration-ms="38874">
    <groups>
    </groups>
    <test started-at="2026-05-04T18:26:12 IST" name="IdentifyCourses" finished-at="2026-05-04T18:26:50 IST" duration-ms="38874">
      <class name="Tests.EnterpriseFormTest">
        <test-method is-config="true" signature="setUp()[pri:0, instance:Tests.EnterpriseFormTest@710636b0]" started-at="2026-05-04T18:26:12 IST" name="setUp" finished-at="2026-05-04T18:26:21 IST" duration-ms="9797" status="PASS">
          <reporter-output>
            <line>
              <![CDATA[Driver is instantiated]]>
            </line>
          </reporter-output>
        </test-method> <!-- setUp -->
        <test-method signature="verifyEnterpriseFormValidation()[pri:0, instance:Tests.EnterpriseFormTest@710636b0]" started-at="2026-05-04T18:26:22 IST" name="verifyEnterpriseFormValidation" finished-at="2026-05-04T18:26:41 IST" duration-ms="19659" status="PASS">
          <reporter-output>
          </reporter-output>
        </test-method> <!-- verifyEnterpriseFormValidation -->
        <test-method is-config="true" signature="tearDown()[pri:0, instance:Tests.EnterpriseFormTest@710636b0]" started-at="2026-05-04T18:26:41 IST" name="tearDown" finished-at="2026-05-04T18:26:50 IST" duration-ms="8994" status="PASS">
          <reporter-output>
            <line>
              <![CDATA[Driver closed browser]]>
            </line>
          </reporter-output>
        </test-method> <!-- tearDown -->
      </class> <!-- Tests.EnterpriseFormTest -->
    </test> <!-- IdentifyCourses -->
  </suite> <!-- Default Suite -->
</testng-results>
