<?xml version="1.0" encoding="UTF-8"?>
<!-- Generated by org.testng.reporters.JUnitReportReporter -->
<testsuite hostname="LTIN719654" failures="0" tests="1" name="Tests.WebDevelopmentCourseTest" time="47.974" errors="0" timestamp="2026-05-03T16:31:03 IST" skipped="0">
  <testcase classname="Tests.WebDevelopmentCourseTest" name="verifyWebDevCourses" time="47.974"/>
  <system-out>
    <![CDATA[Driver is instantiated
Driver closed browser
Driver is instantiated
Driver closed browser
Driver is instantiated
Driver closed browser]]>
  </system-out>
</testsuite> <!-- Tests.WebDevelopmentCourseTest -->
