<?xml version="1.0" encoding="UTF-8"?>
<!-- Generated by org.testng.reporters.JUnitReportReporter -->
<testsuite hostname="LTIN719654" failures="0" tests="1" name="Tests.EnterpriseFormTest" time="38.450" errors="0" timestamp="2026-05-04T18:26:51 IST" skipped="0">
  <testcase classname="Tests.EnterpriseFormTest" name="verifyEnterpriseFormValidation" time="38.450"/>
  <system-out>
    <![CDATA[Driver is instantiated
Driver closed browser]]>
  </system-out>
</testsuite> <!-- Tests.EnterpriseFormTest -->
